<?xml version="1.0" encoding="UTF-8"?>
<!-- Generated by org.testng.reporters.JUnitReportReporter -->
<testsuite hostname="RSPL-426" failures="0" tests="4" name="testcontact.testcontactquickview" time="21.725" errors="0" timestamp="2026-04-02T12:30:20 IST" skipped="0">
  <testcase classname="testcontact.testcontactquickview" name="contactlistingnavigation" time="2.298"/>
  <testcase classname="testcontact.testcontactquickview" name="contactQuickView" time="5.478"/>
  <testcase classname="testcontact.testcontactquickview" name="Updatedetail" time="10.218"/>
  <testcase classname="testcontact.testcontactquickview" name="timeline" time="3.731"/>
</testsuite> <!-- testcontact.testcontactquickview -->
