<?xml version="1.0" encoding="UTF-8"?>
<!-- Generated by org.testng.reporters.JUnitReportReporter -->
<testsuite hostname="RSPL-426" failures="0" tests="3" name="testAttachFileFromRecord.testAttachFromRecordNavigation" time="7.970" errors="0" timestamp="2026-04-01T11:51:37 IST" skipped="0">
  <testcase classname="testAttachFileFromRecord.testAttachFromRecordNavigation" name="Emailclick" time="2.607"/>
  <testcase classname="testAttachFileFromRecord.testAttachFromRecordNavigation" name="Attachfileclick" time="3.206"/>
  <testcase classname="testAttachFileFromRecord.testAttachFromRecordNavigation" name="popuptabs" time="2.157"/>
</testsuite> <!-- testAttachFileFromRecord.testAttachFromRecordNavigation -->
