<?xml version="1.0" encoding="UTF-8"?>
<!-- Generated by org.testng.reporters.JUnitReportReporter -->
<testsuite hostname="RSPL-426" failures="0" tests="8" name="Selenium.ForgotPasswordTest" time="9.781" errors="0" timestamp="2026-03-21T12:33:47 IST" skipped="0">
  <testcase classname="Selenium.ForgotPasswordTest" name="verifyForgotPasswordLinkIsVisible" time="0.103"/>
  <testcase classname="Selenium.ForgotPasswordTest" name="verifyForgotPasswordPageNavigation" time="0.925"/>
  <testcase classname="Selenium.ForgotPasswordTest" name="verifyEmptyEmailValidation" time="0.526"/>
  <testcase classname="Selenium.ForgotPasswordTest" name="verifybacktologifromforgot" time="1.760"/>
  <testcase classname="Selenium.ForgotPasswordTest" name="verifyInvalidEmailFormatValidation" time="0.607"/>
  <testcase classname="Selenium.ForgotPasswordTest" name="verifyValidEmailSubmission" time="2.724"/>
  <testcase classname="Selenium.ForgotPasswordTest" name="verifyUnregisteredEmailSubmission" time="1.644"/>
  <testcase classname="Selenium.ForgotPasswordTest" name="verifyBackToLoginNavigation" time="1.492"/>
</testsuite> <!-- Selenium.ForgotPasswordTest -->
