<?xml version="1.0" encoding="UTF-8"?>
<!-- Generated by org.testng.reporters.JUnitReportReporter -->
<testsuite hostname="RSPL-426" failures="0" tests="7" name="Selenium.SignupStep2_PersonalInfo" time="6.651" errors="0" timestamp="2026-03-21T15:46:28 IST" skipped="0">
  <testcase classname="Selenium.SignupStep2_PersonalInfo" name="verifyStep2PageLoaded" time="0.049"/>
  <testcase classname="Selenium.SignupStep2_PersonalInfo" name="verifyNextButtonDisabledWhenEmpty" time="0.043"/>
  <testcase classname="Selenium.SignupStep2_PersonalInfo" name="verifyConfirmPasswordHiddenInitially" time="0.021"/>
  <testcase classname="Selenium.SignupStep2_PersonalInfo" name="verifyConfirmPasswordAppearsAfterTyping" time="0.991"/>
  <testcase classname="Selenium.SignupStep2_PersonalInfo" name="verifyPasswordTooltipVisible" time="0.089"/>
  <testcase classname="Selenium.SignupStep2_PersonalInfo" name="verifyPasswordMismatchDisablesNext" time="2.331"/>
  <testcase classname="Selenium.SignupStep2_PersonalInfo" name="verifyValidDataEnablesNextAndRedirects" time="3.127"/>
</testsuite> <!-- Selenium.SignupStep2_PersonalInfo -->
