<?xml version="1.0" encoding="UTF-8"?>
<!-- Generated by org.testng.reporters.JUnitReportReporter -->
<testsuite hostname="RSPL-426" failures="0" tests="7" name="Selenium.SignupStep1_EmailPage" time="17.204" errors="0" timestamp="2026-03-21T12:28:40 IST" skipped="0">
  <testcase classname="Selenium.SignupStep1_EmailPage" name="verifySignUpRedirectsToRegistrationPage" time="2.263"/>
  <testcase classname="Selenium.SignupStep1_EmailPage" name="verifyFreeTrialPageLoaded" time="0.095"/>
  <testcase classname="Selenium.SignupStep1_EmailPage" name="verifyGetStartedButtonDisabledWhenEmpty" time="0.099"/>
  <testcase classname="Selenium.SignupStep1_EmailPage" name="verifyInvalidEmailShowsValidationError" time="0.404"/>
  <testcase classname="Selenium.SignupStep1_EmailPage" name="verifyAlreadyRegisteredEmailShowsError" time="2.937"/>
  <testcase classname="Selenium.SignupStep1_EmailPage" name="verifySignInLinkRedirectsToLoginPage" time="2.901"/>
  <testcase classname="Selenium.SignupStep1_EmailPage" name="verifyValidEmailRedirectsToNextStep" time="8.505"/>
</testsuite> <!-- Selenium.SignupStep1_EmailPage -->
