<?xml version="1.0" encoding="UTF-8"?>
<!-- Generated by org.testng.reporters.JUnitReportReporter -->
<testsuite hostname="RSPL-426" failures="0" tests="11" name="Selenium.SignupStep3_Personalize" time="16.934" errors="1" timestamp="2026-03-22T01:11:04 IST" skipped="10">
  <testcase classname="Selenium.SignupStep3_Personalize" name="reachStep3" time="16.934">
    <error message="invalid session id: session deleted as the browser has closed the connection
from disconnected: not connected to DevTools
  (Session info: chrome=146.0.7680.80)
Build info: version: &#039;4.41.0&#039;, revision: &#039;9fc754f90a&#039;
System info: os.name: &#039;Windows 10&#039;, os.arch: &#039;amd64&#039;, os.version: &#039;10.0&#039;, java.version: &#039;21.0.10&#039;
Driver info: org.openqa.selenium.chrome.ChromeDriver
Command: [7479cf5cce7ca5804c8130610d7e0308, findElement {value=//button[@name=&#039;step2_next&#039; or @id=&#039;step2_next&#039;], using=xpath}]
Capabilities {acceptInsecureCerts: false, browserName: chrome, browserVersion: 146.0.7680.80, chrome: {chromedriverVersion: 146.0.7680.153 (85fd829a1b2..., userDataDir: C:\Users\VANITA~1.PAT\AppDa...}, fedcm:accounts: true, goog:chromeOptions: {debuggerAddress: localhost:62487}, goog:processID: 24284, networkConnectionEnabled: false, pageLoadStrategy: normal, platformName: windows, proxy: Proxy(), se:cdp: ws://localhost:62487/devtoo..., se:cdpVersion: 146.0.7680.80, setWindowRect: true, strictFileInteractability: false, timeouts: {implicit: 0, pageLoad: 300000, script: 30000}, unhandledPromptBehavior: dismiss and notify, webauthn:extension:credBlob: true, webauthn:extension:largeBlob: true, webauthn:extension:minPinLength: true, webauthn:extension:prf: true, webauthn:virtualAuthenticators: true}
Session ID: 7479cf5cce7ca5804c8130610d7e0308" type="org.openqa.selenium.NoSuchSessionException">
      <![CDATA[org.openqa.selenium.NoSuchSessionException: invalid session id: session deleted as the browser has closed the connection
from disconnected: not connected to DevTools
  (Session info: chrome=146.0.7680.80)
Build info: version: '4.41.0', revision: '9fc754f90a'
System info: os.name: 'Windows 10', os.arch: 'amd64', os.version: '10.0', java.version: '21.0.10'
Driver info: org.openqa.selenium.chrome.ChromeDriver
Command: [7479cf5cce7ca5804c8130610d7e0308, findElement {value=//button[@name='step2_next' or @id='step2_next'], using=xpath}]
Capabilities {acceptInsecureCerts: false, browserName: chrome, browserVersion: 146.0.7680.80, chrome: {chromedriverVersion: 146.0.7680.153 (85fd829a1b2..., userDataDir: C:\Users\VANITA~1.PAT\AppDa...}, fedcm:accounts: true, goog:chromeOptions: {debuggerAddress: localhost:62487}, goog:processID: 24284, networkConnectionEnabled: false, pageLoadStrategy: normal, platformName: windows, proxy: Proxy(), se:cdp: ws://localhost:62487/devtoo..., se:cdpVersion: 146.0.7680.80, setWindowRect: true, strictFileInteractability: false, timeouts: {implicit: 0, pageLoad: 300000, script: 30000}, unhandledPromptBehavior: dismiss and notify, webauthn:extension:credBlob: true, webauthn:extension:largeBlob: true, webauthn:extension:minPinLength: true, webauthn:extension:prf: true, webauthn:virtualAuthenticators: true}
Session ID: 7479cf5cce7ca5804c8130610d7e0308
at org.openqa.selenium.remote.ErrorCodec.decode(ErrorCodec.java:169)
at org.openqa.selenium.remote.codec.w3c.W3CHttpResponseCodec.decode(W3CHttpResponseCodec.java:142)
at org.openqa.selenium.remote.codec.w3c.W3CHttpResponseCodec.decode(W3CHttpResponseCodec.java:49)
at org.openqa.selenium.remote.HttpCommandExecutor.execute(HttpCommandExecutor.java:223)
at org.openqa.selenium.remote.service.DriverCommandExecutor.invokeExecute(DriverCommandExecutor.java:216)
at org.openqa.selenium.remote.service.DriverCommandExecutor.execute(DriverCommandExecutor.java:174)
at org.openqa.selenium.remote.RemoteWebDriver.execute(RemoteWebDriver.java:604)
at org.openqa.selenium.remote.ElementLocation$ElementFinder$2.findElement(ElementLocation.java:166)
at org.openqa.selenium.remote.ElementLocation.findElement(ElementLocation.java:60)
at org.openqa.selenium.remote.RemoteWebDriver.findElement(RemoteWebDriver.java:427)
at org.openqa.selenium.remote.RemoteWebDriver.findElement(RemoteWebDriver.java:421)
at org.openqa.selenium.support.ui.ExpectedConditions$22.apply(ExpectedConditions.java:756)
at org.openqa.selenium.support.ui.ExpectedConditions$22.apply(ExpectedConditions.java:749)
at org.openqa.selenium.support.ui.FluentWait.until(FluentWait.java:209)
at Selenium.SignupStep3_Personalize.fillPersonalInfoAndProceed(SignupStep3_Personalize.java:370)
at Selenium.SignupStep3_Personalize.reachStep3(SignupStep3_Personalize.java:49)
at java.base/jdk.internal.reflect.DirectMethodHandleAccessor.invoke(DirectMethodHandleAccessor.java:103)
at java.base/java.lang.reflect.Method.invoke(Method.java:580)
at org.testng.internal.invokers.MethodInvocationHelper.invokeMethod(MethodInvocationHelper.java:141)
at org.testng.internal.invokers.MethodInvocationHelper.invokeMethodConsideringTimeout(MethodInvocationHelper.java:71)
at org.testng.internal.invokers.ConfigInvoker.invokeConfigurationMethod(ConfigInvoker.java:400)
at org.testng.internal.invokers.ConfigInvoker.invokeConfigurations(ConfigInvoker.java:333)
at org.testng.internal.invokers.TestMethodWorker.invokeBeforeClassMethods(TestMethodWorker.java:188)
at org.testng.internal.invokers.TestMethodWorker.run(TestMethodWorker.java:128)
at java.base/java.util.ArrayList.forEach(ArrayList.java:1596)
at org.testng.TestRunner.privateRun(TestRunner.java:741)
at org.testng.TestRunner.run(TestRunner.java:616)
at org.testng.SuiteRunner.runTest(SuiteRunner.java:421)
at org.testng.SuiteRunner.runSequentially(SuiteRunner.java:413)
at org.testng.SuiteRunner.privateRun(SuiteRunner.java:373)
at org.testng.SuiteRunner.run(SuiteRunner.java:312)
at org.testng.SuiteRunnerWorker.runSuite(SuiteRunnerWorker.java:52)
at org.testng.SuiteRunnerWorker.run(SuiteRunnerWorker.java:95)
at org.testng.TestNG.runSuitesSequentially(TestNG.java:1274)
at org.testng.TestNG.runSuitesLocally(TestNG.java:1208)
at org.testng.TestNG.runSuites(TestNG.java:1112)
at org.testng.TestNG.run(TestNG.java:1079)
at org.testng.remote.AbstractRemoteTestNG.run(AbstractRemoteTestNG.java:115)
at org.testng.remote.RemoteTestNG.initAndRun(RemoteTestNG.java:293)
at org.testng.remote.RemoteTestNG.main(RemoteTestNG.java:91)
]]>
    </error>
  </testcase> <!-- reachStep3 -->
  <testcase classname="Selenium.SignupStep3_Personalize" name="verifyStep3PageLoaded" time="0.000">
    <skipped/>
  </testcase> <!-- verifyStep3PageLoaded -->
  <testcase classname="Selenium.SignupStep3_Personalize" name="verifyNextButtonDisabledInitially" time="0.000">
    <skipped/>
  </testcase> <!-- verifyNextButtonDisabledInitially -->
  <testcase classname="Selenium.SignupStep3_Personalize" name="verifyIndustryDropdownIsSearchable" time="0.000">
    <skipped/>
  </testcase> <!-- verifyIndustryDropdownIsSearchable -->
  <testcase classname="Selenium.SignupStep3_Personalize" name="verifyNextDisabledWithoutCompanyName" time="0.000">
    <skipped/>
  </testcase> <!-- verifyNextDisabledWithoutCompanyName -->
  <testcase classname="Selenium.SignupStep3_Personalize" name="verifyInvalidDomainShowsError" time="0.000">
    <skipped/>
  </testcase> <!-- verifyInvalidDomainShowsError -->
  <testcase classname="Selenium.SignupStep3_Personalize" name="verifyDomainLengthValidation" time="0.000">
    <skipped/>
  </testcase> <!-- verifyDomainLengthValidation -->
  <testcase classname="Selenium.SignupStep3_Personalize" name="verifyAlreadyRegisteredDomainShowsError" time="0.000">
    <skipped/>
  </testcase> <!-- verifyAlreadyRegisteredDomainShowsError -->
  <testcase classname="Selenium.SignupStep3_Personalize" name="verifyNextEnabledWithAllFields" time="0.000">
    <skipped/>
  </testcase> <!-- verifyNextEnabledWithAllFields -->
  <testcase classname="Selenium.SignupStep3_Personalize" name="verifyNextRedirectsToVerifyEmail" time="0.000">
    <skipped/>
  </testcase> <!-- verifyNextRedirectsToVerifyEmail -->
  <testcase classname="Selenium.SignupStep3_Personalize" name="verifyBackButton" time="0.000">
    <skipped/>
  </testcase> <!-- verifyBackButton -->
</testsuite> <!-- Selenium.SignupStep3_Personalize -->
